0 info it worked if it ends with ok
1 verbose cli [ '/home/orfenes/.nvm/versions/node/v6.10.1/bin/node',
1 verbose cli   '/home/orfenes/.nvm/versions/node/v6.10.1/bin/npm',
1 verbose cli   'run',
1 verbose cli   'start' ]
2 info using npm@3.10.10
3 info using node@v6.10.1
4 verbose run-script [ 'prestart', 'start', 'poststart' ]
5 info lifecycle angular-quickstart@1.0.0~prestart: angular-quickstart@1.0.0
6 silly lifecycle angular-quickstart@1.0.0~prestart: no script for prestart, continuing
7 info lifecycle angular-quickstart@1.0.0~start: angular-quickstart@1.0.0
8 verbose lifecycle angular-quickstart@1.0.0~start: unsafe-perm in lifecycle true
9 verbose lifecycle angular-quickstart@1.0.0~start: PATH: /home/orfenes/.nvm/versions/node/v6.10.1/lib/node_modules/npm/bin/node-gyp-bin:/home/orfenes/Documentos/aula-angular4/node_modules/.bin:/home/orfenes/.nvm/versions/node/v6.10.1/bin:/home/orfenes/.rvm/gems/ruby-1.9.2-p330@schumi/bin:/home/orfenes/.rvm/gems/ruby-1.9.2-p330@global/bin:/home/orfenes/.rvm/rubies/ruby-1.9.2-p330/bin:/usr/local/sbin:/usr/local/bin:/usr/sbin:/usr/bin:/sbin:/bin:/usr/games:/usr/local/games:/usr/lib/jvm/java-8-oracle/bin:/usr/lib/jvm/java-8-oracle/db/bin:/usr/lib/jvm/java-8-oracle/jre/bin:/home/orfenes/.rvm/bin:/home/orfenes/.rvm/bin:/usr/lib/jvm/java-8-oracle/bin:/usr/lib/jvm/java-8-oracle/db/bin:/usr/lib/jvm/java-8-oracle/jre/bin:/System/Library/Frameworks/JavaVM.framework/Versions/1.6.0/Home/bin:/usr/local/mongodb/bin:/usr/local/mysql/bin:/usr/local/redis/src:/usr/local/tomcat/bin:/home/orfenes/.rvm/bin:/System/Library/Frameworks/JavaVM.framework/Versions/1.6.0/Home/bin:/usr/local/mongodb/bin:/usr/local/mysql/bin:/usr/local/redis/src:/usr/local/tomcat/bin:/home/orfenes/.rvm/bin
10 verbose lifecycle angular-quickstart@1.0.0~start: CWD: /home/orfenes/Documentos/aula-angular4
11 silly lifecycle angular-quickstart@1.0.0~start: Args: [ '-c', 'tsc && concurrently "tsc -w" "lite-server" ' ]
12 silly lifecycle angular-quickstart@1.0.0~start: Returned: code: 2  signal: null
13 info lifecycle angular-quickstart@1.0.0~start: Failed to exec start script
14 verbose stack Error: angular-quickstart@1.0.0 start: `tsc && concurrently "tsc -w" "lite-server" `
14 verbose stack Exit status 2
14 verbose stack     at EventEmitter.<anonymous> (/home/orfenes/.nvm/versions/node/v6.10.1/lib/node_modules/npm/lib/utils/lifecycle.js:255:16)
14 verbose stack     at emitTwo (events.js:106:13)
14 verbose stack     at EventEmitter.emit (events.js:191:7)
14 verbose stack     at ChildProcess.<anonymous> (/home/orfenes/.nvm/versions/node/v6.10.1/lib/node_modules/npm/lib/utils/spawn.js:40:14)
14 verbose stack     at emitTwo (events.js:106:13)
14 verbose stack     at ChildProcess.emit (events.js:191:7)
14 verbose stack     at maybeClose (internal/child_process.js:886:16)
14 verbose stack     at Process.ChildProcess._handle.onexit (internal/child_process.js:226:5)
15 verbose pkgid angular-quickstart@1.0.0
16 verbose cwd /home/orfenes/Documentos/aula-angular4
17 error Linux 3.13.0-123-generic
18 error argv "/home/orfenes/.nvm/versions/node/v6.10.1/bin/node" "/home/orfenes/.nvm/versions/node/v6.10.1/bin/npm" "run" "start"
19 error node v6.10.1
20 error npm  v3.10.10
21 error code ELIFECYCLE
22 error angular-quickstart@1.0.0 start: `tsc && concurrently "tsc -w" "lite-server" `
22 error Exit status 2
23 error Failed at the angular-quickstart@1.0.0 start script 'tsc && concurrently "tsc -w" "lite-server" '.
23 error Make sure you have the latest version of node.js and npm installed.
23 error If you do, this is most likely a problem with the angular-quickstart package,
23 error not with npm itself.
23 error Tell the author that this fails on your system:
23 error     tsc && concurrently "tsc -w" "lite-server"
23 error You can get information on how to open an issue for this project with:
23 error     npm bugs angular-quickstart
23 error Or if that isn't available, you can get their info via:
23 error     npm owner ls angular-quickstart
23 error There is likely additional logging output above.
24 verbose exit [ 1, true ]
